==1605== Memcheck, a memory error detector
==1605== Copyright (C) 2002-2017, and GNU GPL'd, by Julian Seward et al.
==1605== Using Valgrind-3.18.1 and LibVEX; rerun with -h for copyright info
==1605== Command: ./bin/53histstats -F -i rsrc/sample_ignore.txt
==1605== Parent PID: 7
==1605== 
==1605== 
==1605== HEAP SUMMARY:
==1605==     in use at exit: 656 bytes in 7 blocks
==1605==   total heap usage: 111 allocs, 104 frees, 15,562 bytes allocated
==1605== 
==1605== LEAK SUMMARY:
==1605==    definitely lost: 168 bytes in 3 blocks
==1605==    indirectly lost: 16 bytes in 3 blocks
==1605==      possibly lost: 0 bytes in 0 blocks
==1605==    still reachable: 472 bytes in 1 blocks
==1605==         suppressed: 0 bytes in 0 blocks
==1605== Rerun with --leak-check=full to see details of leaked memory
==1605== 
==1605== For lists of detected and suppressed errors, rerun with: -s
==1605== ERROR SUMMARY: 0 errors from 0 contexts (suppressed: 0 from 0)
